{"C:\\Users\\thaohuynh\\Desktop\\HotSchedules\\Training\\node-and-mongo-tutorial\\calculator.js":{"path":"C:\\Users\\thaohuynh\\Desktop\\HotSchedules\\Training\\node-and-mongo-tutorial\\calculator.js","s":{"1":1,"2":2,"3":1,"4":2,"5":1,"6":2,"7":2,"8":2,"9":1,"10":2},"b":{},"f":{"1":2,"2":2,"3":2,"4":2},"fnMap":{"1":{"name":"(anonymous_1)","line":1,"loc":{"start":{"line":1,"column":14},"end":{"line":1,"column":29}}},"2":{"name":"(anonymous_2)","line":5,"loc":{"start":{"line":5,"column":19},"end":{"line":5,"column":34}}},"3":{"name":"(anonymous_3)","line":9,"loc":{"start":{"line":9,"column":14},"end":{"line":9,"column":24}}},"4":{"name":"(anonymous_4)","line":15,"loc":{"start":{"line":15,"column":15},"end":{"line":15,"column":25}}}},"statementMap":{"1":{"start":{"line":1,"column":0},"end":{"line":3,"column":1}},"2":{"start":{"line":2,"column":4},"end":{"line":2,"column":15}},"3":{"start":{"line":5,"column":0},"end":{"line":7,"column":1}},"4":{"start":{"line":6,"column":4},"end":{"line":6,"column":15}},"5":{"start":{"line":9,"column":0},"end":{"line":13,"column":1}},"6":{"start":{"line":10,"column":2},"end":{"line":10,"column":14}},"7":{"start":{"line":11,"column":2},"end":{"line":11,"column":14}},"8":{"start":{"line":12,"column":2},"end":{"line":12,"column":15}},"9":{"start":{"line":15,"column":0},"end":{"line":17,"column":1}},"10":{"start":{"line":16,"column":2},"end":{"line":16,"column":16}}},"branchMap":{}}}